2025-09-29 21:35:23, MOVE, v:1, k:carro, mode:DOWN
2025-09-29 21:46:01, MOVE, v:1, k:carro, mode:PICK
2025-09-29 21:46:02, EXEC, v:1, k:carro, mode:FULL, rate:0, size:50
2025-09-29 21:49:07, EXEC, v:1, k:carro, mode:FULL, rate:0, size:50
2025-09-29 21:49:19, EXEC, v:1, k:carro, mode:FULL, rate:0, size:50
2025-09-29 21:49:30, EXEC, v:1, k:carro, mode:FULL, rate:0, size:50
2025-09-29 21:51:31, EXEC, v:1, k:carro, mode:FULL, rate:0, size:50
2025-09-29 21:51:32, EXEC, v:1, k:carro, mode:FULL, rate:0
2025-09-29 21:51:40, EXEC, v:1, k:carro, mode:FULL, rate:0
2025-09-29 21:53:33, EXEC, v:1, k:carro, mode:FULL, rate:0, size:52
2025-09-29 21:56:14, EXEC, v:1, k:carro, mode:FULL, rate:10, size:55
2025-09-29 21:56:28, EXEC, v:1, k:carro, mode:FULL, rate:10, size:54
2025-09-29 21:57:26, EXEC, v:1, k:carro, mode:FULL, rate:10, size:55
2025-09-29 22:05:58, EXEC, v:1, k:carro, mode:FULL, rate:0, size:55
2025-09-29 22:06:08, EXEC, v:1, k:carro, mode:FULL, rate:0, size:55
2025-09-29 22:06:23, EXEC, v:1, k:carro, mode:FULL, rate:10, size:55
2025-09-29 22:06:53, EXEC, v:1, k:carro, mode:FULL, rate:0, size:55
2025-09-29 22:06:58, EXEC, v:1, k:carro, mode:FULL, rate:10, size:55
2025-09-29 22:07:57, EXEC, v:1, k:carro, mode:FULL, rate:10, size:55
2025-09-29 22:09:11, EXEC, v:1, k:carro, mode:FULL, rate:10, size:55
2025-09-29 22:13:14, EXEC, v:1, k:carro, mode:FULL, rate:10
2025-09-29 22:15:30, EXEC, v:1, k:carro, mode:FULL, rate:10, size:55
2025-09-29 22:15:52, EXEC, v:1, k:carro, mode:FULL, rate:10, size:55
2025-09-29 22:16:14, EXEC, v:1, k:carro, mode:FULL, rate:0, size:55
2025-09-29 22:16:44, EXEC, v:1, k:carro, mode:FULL, rate:0, size:55
2025-09-29 22:17:03, EXEC, v:1, k:carro, mode:FULL, rate:10, size:55
2025-09-29 22:18:35, EXEC, v:1, k:carro, mode:FULL, rate:0, size:55
2025-09-29 22:18:48, EXEC, v:1, k:carro, mode:FULL, rate:10, size:55
2025-09-29 22:19:56, EXEC, v:1, k:carro, mode:FULL, rate:10, size:55
2025-09-29 22:20:38, EXEC, v:1, k:carro, mode:FULL, rate:10, size:55
2025-09-29 22:21:35, EXEC, v:1, k:carro, mode:FULL, rate:10, size:55
2025-09-29 22:21:51, EXEC, v:1, k:carro, mode:FULL, rate:10, size:55
2025-09-29 22:22:22, EXEC, v:1, k:carro, mode:FULL, rate:0, size:55
2025-09-29 22:23:37, EXEC, v:1, k:carro, mode:FULL, rate:10, size:55
2025-09-29 22:24:12, EXEC, v:1, k:carro, mode:FULL, rate:10, size:57
2025-09-29 22:25:01, EXEC, v:1, k:carro, mode:FULL, rate:10, size:56
2025-09-29 22:25:30, EXEC, v:1, k:carro, mode:FULL, rate:10, size:56
2025-09-29 22:31:10, EXEC, v:1, k:carro, mode:FULL, rate:10, size:56
2025-09-29 22:31:33, EXEC, v:1, k:carro, mode:FULL, rate:10, size:55
2025-09-29 22:38:17, EXEC, v:1, k:carro, mode:FULL, rate:10, size:56
2025-09-29 22:38:40, MOVE, v:1, k:carro, mode:PICK
2025-09-29 22:38:42, EXEC, v:1, k:carro, mode:FULL, rate:10, size:55
2025-09-29 22:43:13, EXEC, v:1, k:carro, mode:FULL, rate:10, size:57
2025-09-29 22:43:17, EXEC, v:1, k:carro, mode:FULL, rate:10
2025-09-29 22:43:53, EXEC, v:1, k:carro, mode:FULL, rate:10, size:56
2025-09-29 22:48:54, EXEC, v:1, k:carro, mode:FULL, rate:10, size:57
2025-09-29 22:50:35, EXEC, v:1, k:carro, mode:FULL, rate:10, size:58
2025-09-29 22:53:36, EXEC, v:1, k:carro, mode:FULL, rate:10, size:60
2025-09-29 22:54:23, EXEC, v:1, k:carro, mode:FULL, rate:10, size:55
2025-09-29 22:54:35, EXEC, v:1, k:carro, mode:FULL, rate:10, size:57
2025-09-29 22:55:40, EXEC, v:1, k:carro, mode:FULL, rate:10, size:57
2025-09-29 22:57:04, EXEC, v:1, k:carro, mode:FULL, rate:100, size:65
2025-09-29 22:57:26, EXEC, v:1, k:carro, mode:FULL, rate:10, size:56
2025-09-29 22:58:44, EXEC, v:1, k:carro, mode:FULL, rate:10, size:58
2025-09-29 22:58:46, EXEC, v:1, k:carro, mode:FULL, rate:10
2025-09-29 22:58:58, EXEC, v:1, k:carro, mode:FULL, rate:10, size:59
2025-09-29 22:59:19, EXEC, v:1, k:carro, mode:FULL, rate:10, size:59
2025-09-29 22:59:42, EXEC, v:1, k:carro, mode:FULL, rate:10, size:60
2025-09-29 23:00:11, EXEC, v:1, k:carro, mode:FULL, rate:10, size:60
2025-09-29 23:00:33, EXEC, v:1, k:carro, mode:FULL, rate:30, size:60
2025-09-29 23:02:21, EXEC, v:1, k:carro, mode:FULL, rate:80, size:60
2025-09-29 23:02:42, EXEC, v:1, k:carro, mode:FULL, rate:80, size:60
2025-09-29 23:04:11, EXEC, v:1, k:carro, mode:FULL, rate:80
2025-09-29 23:04:34, EXEC, v:1, k:carro, mode:FULL, rate:80, size:60
2025-09-29 23:05:51, EXEC, v:1, k:carro, mode:FULL, rate:100, size:60
2025-09-29 23:05:55, EXEC, v:1, k:carro, mode:FULL, rate:100
2025-09-29 23:05:59, MOVE, v:1, k:carro, mode:BACK
